# JRE version: OpenJDK Runtime Environment Temurin-21.0.8+9 (21.0.8+9) (build 21.0.8+9-LTS)
# Java VM: OpenJDK 64-Bit Server VM Temurin-21.0.8+9 (21.0.8+9-LTS, mixed mode, sharing, tiered, compressed oops, compressed class ptrs, parallel gc, windows-amd64)
GC Precious Log:
 CardTable entry size: 512
 CPUs: 16 total, 16 available
 Memory: 32452M
 Large Page Support: Disabled
 NUMA Support: Disabled
 Compressed Oops: Enabled (32-bit)
 Alignments: Space 512K, Generation 512K, Heap 2M
 Heap Min Capacity: 100M
 Heap Initial Capacity: 100M
 Heap Max Capacity: 2G
 Pre-touch: Disabled
 Parallel Workers: 13
Heap:
 PSYoungGen      total 10752K, used 5519K [0x00000000d5580000, 0x00000000d6d00000, 0x0000000100000000)
  eden space 8704K, 39% used [0x00000000d5580000,0x00000000d58e6558,0x00000000d5e00000)
  from space 2048K, 99% used [0x00000000d6500000,0x00000000d66fd810,0x00000000d6700000)
  to   space 7168K, 0% used [0x00000000d5e00000,0x00000000d5e00000,0x00000000d6500000)
 ParOldGen       total 1299968K, used 1299906K [0x0000000080000000, 0x00000000cf580000, 0x00000000d5580000)
  object space 1299968K, 99% used [0x0000000080000000,0x00000000cf570b10,0x00000000cf580000)
 Metaspace       used 62504K, committed 63872K, reserved 1114112K
  class space    used 7187K, committed 7744K, reserved 1048576K
GC Heap History (20 events):
Event: 32.609 GC heap before
{Heap before GC invocations=2262 (full 3):
 PSYoungGen      total 5120K, used 5117K [0x00000000d5580000, 0x00000000d5e80000, 0x0000000100000000)
  eden space 4096K, 100% used [0x00000000d5580000,0x00000000d5980000,0x00000000d5980000)
  from space 1024K, 99% used [0x00000000d5b80000,0x00000000d5c7f600,0x00000000d5c80000)
  to   space 2048K, 0% used [0x00000000d5980000,0x00000000d5980000,0x00000000d5b80000)
 ParOldGen       total 1271296K, used 1271096K [0x0000000080000000, 0x00000000cd980000, 0x00000000d5580000)
  object space 1271296K, 99% used [0x0000000080000000,0x00000000cd94e3f0,0x00000000cd980000)
 Metaspace       used 62029K, committed 63424K, reserved 1114112K
  class space    used 7138K, committed 7744K, reserved 1048576K
}
Event: 32.613 GC heap after
{Heap after GC invocations=2262 (full 3):
 PSYoungGen      total 6144K, used 1536K [0x00000000d5580000, 0x00000000d5e80000, 0x0000000100000000)
  eden space 4096K, 0% used [0x00000000d5580000,0x00000000d5580000,0x00000000d5980000)
  from space 2048K, 75% used [0x00000000d5980000,0x00000000d5b00000,0x00000000d5b80000)
  to   space 2048K, 0% used [0x00000000d5c80000,0x00000000d5c80000,0x00000000d5e80000)
 ParOldGen       total 1272320K, used 1272059K [0x0000000080000000, 0x00000000cda80000, 0x00000000d5580000)
  object space 1272320K, 99% used [0x0000000080000000,0x00000000cda3ec18,0x00000000cda80000)
 Metaspace       used 62029K, committed 63424K, reserved 1114112K
  class space    used 7138K, committed 7744K, reserved 1048576K
}
Event: 32.617 GC heap before
{Heap before GC invocations=2263 (full 3):
 PSYoungGen      total 6144K, used 5417K [0x00000000d5580000, 0x00000000d5e80000, 0x0000000100000000)
  eden space 4096K, 94% used [0x00000000d5580000,0x00000000d594a5d0,0x00000000d5980000)
  from space 2048K, 75% used [0x00000000d5980000,0x00000000d5b00000,0x00000000d5b80000)
  to   space 2048K, 0% used [0x00000000d5c80000,0x00000000d5c80000,0x00000000d5e80000)
 ParOldGen       total 1272320K, used 1272059K [0x0000000080000000, 0x00000000cda80000, 0x00000000d5580000)
  object space 1272320K, 99% used [0x0000000080000000,0x00000000cda3ec18,0x00000000cda80000)
 Metaspace       used 62029K, committed 63424K, reserved 1114112K
  class space    used 7138K, committed 7744K, reserved 1048576K
}
Event: 32.622 GC heap after
{Heap after GC invocations=2263 (full 3):
 PSYoungGen      total 7168K, used 1536K [0x00000000d5580000, 0x00000000d5e80000, 0x0000000100000000)
  eden space 5120K, 0% used [0x00000000d5580000,0x00000000d5580000,0x00000000d5a80000)
  from space 2048K, 75% used [0x00000000d5c80000,0x00000000d5e00000,0x00000000d5e80000)
  to   space 2048K, 0% used [0x00000000d5a80000,0x00000000d5a80000,0x00000000d5c80000)
 ParOldGen       total 1273856K, used 1273459K [0x0000000080000000, 0x00000000cdc00000, 0x00000000d5580000)
  object space 1273856K, 99% used [0x0000000080000000,0x00000000cdb9cc18,0x00000000cdc00000)
 Metaspace       used 62029K, committed 63424K, reserved 1114112K
  class space    used 7138K, committed 7744K, reserved 1048576K
}
Event: 32.635 GC heap before
{Heap before GC invocations=2264 (full 3):
 PSYoungGen      total 7168K, used 6656K [0x00000000d5580000, 0x00000000d5e80000, 0x0000000100000000)
  eden space 5120K, 100% used [0x00000000d5580000,0x00000000d5a80000,0x00000000d5a80000)
  from space 2048K, 75% used [0x00000000d5c80000,0x00000000d5e00000,0x00000000d5e80000)
  to   space 2048K, 0% used [0x00000000d5a80000,0x00000000d5a80000,0x00000000d5c80000)
 ParOldGen       total 1273856K, used 1273459K [0x0000000080000000, 0x00000000cdc00000, 0x00000000d5580000)
  object space 1273856K, 99% used [0x0000000080000000,0x00000000cdb9cc18,0x00000000cdc00000)
 Metaspace       used 62029K, committed 63424K, reserved 1114112K
  class space    used 7138K, committed 7744K, reserved 1048576K
}
Event: 32.644 GC heap after
{Heap after GC invocations=2264 (full 3):
 PSYoungGen      total 7168K, used 2037K [0x00000000d5580000, 0x00000000d6a80000, 0x0000000100000000)
  eden space 5120K, 0% used [0x00000000d5580000,0x00000000d5580000,0x00000000d5a80000)
  from space 2048K, 99% used [0x00000000d5a80000,0x00000000d5c7d778,0x00000000d5c80000)
  to   space 7680K, 0% used [0x00000000d6300000,0x00000000d6300000,0x00000000d6a80000)
 ParOldGen       total 1277952K, used 1277883K [0x0000000080000000, 0x00000000ce000000, 0x00000000d5580000)
  object space 1277952K, 99% used [0x0000000080000000,0x00000000cdfeec18,0x00000000ce000000)
 Metaspace       used 62029K, committed 63424K, reserved 1114112K
  class space    used 7138K, committed 7744K, reserved 1048576K
}
Event: 32.660 GC heap before
{Heap before GC invocations=2265 (full 3):
 PSYoungGen      total 7168K, used 7023K [0x00000000d5580000, 0x00000000d6a80000, 0x0000000100000000)
  eden space 5120K, 97% used [0x00000000d5580000,0x00000000d5a5e640,0x00000000d5a80000)
  from space 2048K, 99% used [0x00000000d5a80000,0x00000000d5c7d778,0x00000000d5c80000)
  to   space 7680K, 0% used [0x00000000d6300000,0x00000000d6300000,0x00000000d6a80000)
 ParOldGen       total 1277952K, used 1277883K [0x0000000080000000, 0x00000000ce000000, 0x00000000d5580000)
  object space 1277952K, 99% used [0x0000000080000000,0x00000000cdfeec18,0x00000000ce000000)
 Metaspace       used 62029K, committed 63424K, reserved 1114112K
  class space    used 7138K, committed 7744K, reserved 1048576K
}
Event: 32.665 GC heap after
{Heap after GC invocations=2265 (full 3):
 PSYoungGen      total 9216K, used 2674K [0x00000000d5580000, 0x00000000d6600000, 0x0000000100000000)
  eden space 6144K, 0% used [0x00000000d5580000,0x00000000d5580000,0x00000000d5b80000)
  from space 3072K, 87% used [0x00000000d6300000,0x00000000d659c888,0x00000000d6600000)
  to   space 4096K, 0% used [0x00000000d5e00000,0x00000000d5e00000,0x00000000d6200000)
 ParOldGen       total 1280000K, used 1279836K [0x0000000080000000, 0x00000000ce200000, 0x00000000d5580000)
  object space 1280000K, 99% used [0x0000000080000000,0x00000000ce1d73a8,0x00000000ce200000)
 Metaspace       used 62029K, committed 63424K, reserved 1114112K
  class space    used 7138K, committed 7744K, reserved 1048576K
}
Event: 32.681 GC heap before
{Heap before GC invocations=2266 (full 3):
 PSYoungGen      total 9216K, used 8694K [0x00000000d5580000, 0x00000000d6600000, 0x0000000100000000)
  eden space 6144K, 97% used [0x00000000d5580000,0x00000000d5b61290,0x00000000d5b80000)
  from space 3072K, 87% used [0x00000000d6300000,0x00000000d659c888,0x00000000d6600000)
  to   space 4096K, 0% used [0x00000000d5e00000,0x00000000d5e00000,0x00000000d6200000)
 ParOldGen       total 1280000K, used 1279836K [0x0000000080000000, 0x00000000ce200000, 0x00000000d5580000)
  object space 1280000K, 99% used [0x0000000080000000,0x00000000ce1d73a8,0x00000000ce200000)
 Metaspace       used 62029K, committed 63424K, reserved 1114112K
  class space    used 7138K, committed 7744K, reserved 1048576K
}
Event: 32.685 GC heap after
{Heap after GC invocations=2266 (full 3):
 PSYoungGen      total 11776K, used 4093K [0x00000000d5580000, 0x00000000d6c00000, 0x0000000100000000)
  eden space 7680K, 0% used [0x00000000d5580000,0x00000000d5580000,0x00000000d5d00000)
  from space 4096K, 99% used [0x00000000d5e00000,0x00000000d61ff658,0x00000000d6200000)
  to   space 7680K, 0% used [0x00000000d6480000,0x00000000d6480000,0x00000000d6c00000)
 ParOldGen       total 1282560K, used 1282356K [0x0000000080000000, 0x00000000ce480000, 0x00000000d5580000)
  object space 1282560K, 99% used [0x0000000080000000,0x00000000ce44d1e0,0x00000000ce480000)
 Metaspace       used 62029K, committed 63424K, reserved 1114112K
  class space    used 7138K, committed 7744K, reserved 1048576K
}
Event: 32.720 GC heap before
{Heap before GC invocations=2267 (full 3):
 PSYoungGen      total 11776K, used 11773K [0x00000000d5580000, 0x00000000d6c00000, 0x0000000100000000)
  eden space 7680K, 100% used [0x00000000d5580000,0x00000000d5d00000,0x00000000d5d00000)
  from space 4096K, 99% used [0x00000000d5e00000,0x00000000d61ff658,0x00000000d6200000)
  to   space 7680K, 0% used [0x00000000d6480000,0x00000000d6480000,0x00000000d6c00000)
 ParOldGen       total 1282560K, used 1282356K [0x0000000080000000, 0x00000000ce480000, 0x00000000d5580000)
  object space 1282560K, 99% used [0x0000000080000000,0x00000000ce44d1e0,0x00000000ce480000)
 Metaspace       used 62029K, committed 63424K, reserved 1114112K
  class space    used 7138K, committed 7744K, reserved 1048576K
}
Event: 32.723 GC heap after
{Heap after GC invocations=2267 (full 3):
 PSYoungGen      total 12800K, used 3108K [0x00000000d5580000, 0x00000000d6800000, 0x0000000100000000)
  eden space 9216K, 0% used [0x00000000d5580000,0x00000000d5580000,0x00000000d5e80000)
  from space 3584K, 86% used [0x00000000d6480000,0x00000000d6789028,0x00000000d6800000)
  to   space 4608K, 0% used [0x00000000d5f00000,0x00000000d5f00000,0x00000000d6380000)
 ParOldGen       total 1286656K, used 1286342K [0x0000000080000000, 0x00000000ce880000, 0x00000000d5580000)
  object space 1286656K, 99% used [0x0000000080000000,0x00000000ce831828,0x00000000ce880000)
 Metaspace       used 62029K, committed 63424K, reserved 1114112K
  class space    used 7138K, committed 7744K, reserved 1048576K
}
Event: 32.745 GC heap before
{Heap before GC invocations=2268 (full 3):
 PSYoungGen      total 12800K, used 12324K [0x00000000d5580000, 0x00000000d6800000, 0x0000000100000000)
  eden space 9216K, 100% used [0x00000000d5580000,0x00000000d5e80000,0x00000000d5e80000)
  from space 3584K, 86% used [0x00000000d6480000,0x00000000d6789028,0x00000000d6800000)
  to   space 4608K, 0% used [0x00000000d5f00000,0x00000000d5f00000,0x00000000d6380000)
 ParOldGen       total 1286656K, used 1286342K [0x0000000080000000, 0x00000000ce880000, 0x00000000d5580000)
  object space 1286656K, 99% used [0x0000000080000000,0x00000000ce831828,0x00000000ce880000)
 Metaspace       used 62029K, committed 63424K, reserved 1114112K
  class space    used 7138K, committed 7744K, reserved 1048576K
}
Event: 32.748 GC heap after
{Heap after GC invocations=2268 (full 3):
 PSYoungGen      total 14336K, used 4309K [0x00000000d5580000, 0x00000000d6980000, 0x0000000100000000)
  eden space 9728K, 0% used [0x00000000d5580000,0x00000000d5580000,0x00000000d5f00000)
  from space 4608K, 93% used [0x00000000d5f00000,0x00000000d63354f0,0x00000000d6380000)
  to   space 4608K, 0% used [0x00000000d6500000,0x00000000d6500000,0x00000000d6980000)
 ParOldGen       total 1289216K, used 1288716K [0x0000000080000000, 0x00000000ceb00000, 0x00000000d5580000)
  object space 1289216K, 99% used [0x0000000080000000,0x00000000cea83250,0x00000000ceb00000)
 Metaspace       used 62029K, committed 63424K, reserved 1114112K
  class space    used 7138K, committed 7744K, reserved 1048576K
}
Event: 32.777 GC heap before
{Heap before GC invocations=2269 (full 3):
 PSYoungGen      total 14336K, used 14037K [0x00000000d5580000, 0x00000000d6980000, 0x0000000100000000)
  eden space 9728K, 100% used [0x00000000d5580000,0x00000000d5f00000,0x00000000d5f00000)
  from space 4608K, 93% used [0x00000000d5f00000,0x00000000d63354f0,0x00000000d6380000)
  to   space 4608K, 0% used [0x00000000d6500000,0x00000000d6500000,0x00000000d6980000)
 ParOldGen       total 1289216K, used 1288716K [0x0000000080000000, 0x00000000ceb00000, 0x00000000d5580000)
  object space 1289216K, 99% used [0x0000000080000000,0x00000000cea83250,0x00000000ceb00000)
 Metaspace       used 62029K, committed 63424K, reserved 1114112K
  class space    used 7138K, committed 7744K, reserved 1048576K
}
Event: 32.780 GC heap after
{Heap after GC invocations=2269 (full 3):
 PSYoungGen      total 13824K, used 3674K [0x00000000d5580000, 0x00000000d6900000, 0x0000000100000000)
  eden space 9728K, 0% used [0x00000000d5580000,0x00000000d5580000,0x00000000d5f00000)
  from space 4096K, 89% used [0x00000000d6500000,0x00000000d6896820,0x00000000d6900000)
  to   space 4096K, 0% used [0x00000000d6100000,0x00000000d6100000,0x00000000d6500000)
 ParOldGen       total 1292800K, used 1292432K [0x0000000080000000, 0x00000000cee80000, 0x00000000d5580000)
  object space 1292800K, 99% used [0x0000000080000000,0x00000000cee24168,0x00000000cee80000)
 Metaspace       used 62029K, committed 63424K, reserved 1114112K
  class space    used 7138K, committed 7744K, reserved 1048576K
}
Event: 32.819 GC heap before
{Heap before GC invocations=2270 (full 3):
 PSYoungGen      total 13824K, used 13402K [0x00000000d5580000, 0x00000000d6900000, 0x0000000100000000)
  eden space 9728K, 100% used [0x00000000d5580000,0x00000000d5f00000,0x00000000d5f00000)
  from space 4096K, 89% used [0x00000000d6500000,0x00000000d6896820,0x00000000d6900000)
  to   space 4096K, 0% used [0x00000000d6100000,0x00000000d6100000,0x00000000d6500000)
 ParOldGen       total 1292800K, used 1292432K [0x0000000080000000, 0x00000000cee80000, 0x00000000d5580000)
  object space 1292800K, 99% used [0x0000000080000000,0x00000000cee24168,0x00000000cee80000)
 Metaspace       used 62029K, committed 63424K, reserved 1114112K
  class space    used 7138K, committed 7744K, reserved 1048576K
}
Event: 32.822 GC heap after
{Heap after GC invocations=2270 (full 3):
 PSYoungGen      total 13824K, used 3666K [0x00000000d5580000, 0x00000000d6700000, 0x0000000100000000)
  eden space 9728K, 0% used [0x00000000d5580000,0x00000000d5580000,0x00000000d5f00000)
  from space 4096K, 89% used [0x00000000d6100000,0x00000000d6494810,0x00000000d6500000)
  to   space 2048K, 0% used [0x00000000d6500000,0x00000000d6500000,0x00000000d6700000)
 ParOldGen       total 1295872K, used 1295488K [0x0000000080000000, 0x00000000cf180000, 0x00000000d5580000)
  object space 1295872K, 99% used [0x0000000080000000,0x00000000cf120010,0x00000000cf180000)
 Metaspace       used 62029K, committed 63424K, reserved 1114112K
  class space    used 7138K, committed 7744K, reserved 1048576K
}
Event: 32.857 GC heap before
{Heap before GC invocations=2271 (full 3):
 PSYoungGen      total 13824K, used 13394K [0x00000000d5580000, 0x00000000d6700000, 0x0000000100000000)
  eden space 9728K, 100% used [0x00000000d5580000,0x00000000d5f00000,0x00000000d5f00000)
  from space 4096K, 89% used [0x00000000d6100000,0x00000000d6494810,0x00000000d6500000)
  to   space 2048K, 0% used [0x00000000d6500000,0x00000000d6500000,0x00000000d6700000)
 ParOldGen       total 1295872K, used 1295488K [0x0000000080000000, 0x00000000cf180000, 0x00000000d5580000)
  object space 1295872K, 99% used [0x0000000080000000,0x00000000cf120010,0x00000000cf180000)
 Metaspace       used 62029K, committed 63424K, reserved 1114112K
  class space    used 7138K, committed 7744K, reserved 1048576K
}
Event: 32.863 GC heap after
{Heap after GC invocations=2271 (full 3):
 PSYoungGen      total 10752K, used 2038K [0x00000000d5580000, 0x00000000d6d00000, 0x0000000100000000)
  eden space 8704K, 0% used [0x00000000d5580000,0x00000000d5580000,0x00000000d5e00000)
  from space 2048K, 99% used [0x00000000d6500000,0x00000000d66fd810,0x00000000d6700000)
  to   space 7168K, 0% used [0x00000000d5e00000,0x00000000d5e00000,0x00000000d6500000)
 ParOldGen       total 1299968K, used 1299906K [0x0000000080000000, 0x00000000cf580000, 0x00000000d5580000)
  object space 1299968K, 99% used [0x0000000080000000,0x00000000cf570b10,0x00000000cf580000)
 Metaspace       used 62029K, committed 63424K, reserved 1114112K
  class space    used 7138K, committed 7744K, reserved 1048576K
}

