# JRE version: OpenJDK Runtime Environment Temurin-21.0.8+9 (21.0.8+9) (build 21.0.8+9-LTS)
# Java VM: OpenJDK 64-Bit Server VM Temurin-21.0.8+9 (21.0.8+9-LTS, mixed mode, sharing, tiered, compressed oops, compressed class ptrs, parallel gc, windows-amd64)
GC Precious Log:
 CardTable entry size: 512
 CPUs: 16 total, 16 available
 Memory: 32452M
 Large Page Support: Disabled
 NUMA Support: Disabled
 Compressed Oops: Enabled (32-bit)
 Alignments: Space 512K, Generation 512K, Heap 2M
 Heap Min Capacity: 100M
 Heap Initial Capacity: 100M
 Heap Max Capacity: 2G
 Pre-touch: Disabled
 Parallel Workers: 13
Heap:
 PSYoungGen      total 5632K, used 914K [0x00000000d5580000, 0x00000000d5e80000, 0x0000000100000000)
  eden space 5120K, 14% used [0x00000000d5580000,0x00000000d5634ac8,0x00000000d5a80000)
  from space 512K, 37% used [0x00000000d5e00000,0x00000000d5e30000,0x00000000d5e80000)
  to   space 512K, 0% used [0x00000000d5d80000,0x00000000d5d80000,0x00000000d5e00000)
 ParOldGen       total 1272832K, used 1272712K [0x0000000080000000, 0x00000000cdb00000, 0x00000000d5580000)
  object space 1272832K, 99% used [0x0000000080000000,0x00000000cdae2128,0x00000000cdb00000)
 Metaspace       used 63068K, committed 64448K, reserved 1114112K
  class space    used 7261K, committed 7808K, reserved 1048576K
GC Heap History (20 events):
Event: 28.133 GC heap before
{Heap before GC invocations=1906 (full 3):
 PSYoungGen      total 6144K, used 6108K [0x00000000d5580000, 0x00000000d5f80000, 0x0000000100000000)
  eden space 4096K, 100% used [0x00000000d5580000,0x00000000d5980000,0x00000000d5980000)
  from space 2048K, 98% used [0x00000000d5d80000,0x00000000d5f77200,0x00000000d5f80000)
  to   space 2560K, 0% used [0x00000000d5a80000,0x00000000d5a80000,0x00000000d5d00000)
 ParOldGen       total 1260032K, used 1259614K [0x0000000080000000, 0x00000000cce80000, 0x00000000d5580000)
  object space 1260032K, 99% used [0x0000000080000000,0x00000000cce17818,0x00000000cce80000)
 Metaspace       used 62316K, committed 63744K, reserved 1114112K
  class space    used 7196K, committed 7744K, reserved 1048576K
}
Event: 28.135 GC heap after
{Heap after GC invocations=1906 (full 3):
 PSYoungGen      total 7680K, used 2138K [0x00000000d5580000, 0x00000000d5f80000, 0x0000000100000000)
  eden space 5120K, 0% used [0x00000000d5580000,0x00000000d5580000,0x00000000d5a80000)
  from space 2560K, 83% used [0x00000000d5a80000,0x00000000d5c96ae0,0x00000000d5d00000)
  to   space 2560K, 0% used [0x00000000d5d00000,0x00000000d5d00000,0x00000000d5f80000)
 ParOldGen       total 1261568K, used 1261371K [0x0000000080000000, 0x00000000cd000000, 0x00000000d5580000)
  object space 1261568K, 99% used [0x0000000080000000,0x00000000ccfced20,0x00000000cd000000)
 Metaspace       used 62316K, committed 63744K, reserved 1114112K
  class space    used 7196K, committed 7744K, reserved 1048576K
}
Event: 28.150 GC heap before
{Heap before GC invocations=1907 (full 3):
 PSYoungGen      total 7680K, used 7258K [0x00000000d5580000, 0x00000000d5f80000, 0x0000000100000000)
  eden space 5120K, 100% used [0x00000000d5580000,0x00000000d5a80000,0x00000000d5a80000)
  from space 2560K, 83% used [0x00000000d5a80000,0x00000000d5c96ae0,0x00000000d5d00000)
  to   space 2560K, 0% used [0x00000000d5d00000,0x00000000d5d00000,0x00000000d5f80000)
 ParOldGen       total 1261568K, used 1261371K [0x0000000080000000, 0x00000000cd000000, 0x00000000d5580000)
  object space 1261568K, 99% used [0x0000000080000000,0x00000000ccfced20,0x00000000cd000000)
 Metaspace       used 62316K, committed 63744K, reserved 1114112K
  class space    used 7196K, committed 7744K, reserved 1048576K
}
Event: 28.151 GC heap after
{Heap after GC invocations=1907 (full 3):
 PSYoungGen      total 7680K, used 2024K [0x00000000d5580000, 0x00000000d6080000, 0x0000000100000000)
  eden space 5120K, 0% used [0x00000000d5580000,0x00000000d5580000,0x00000000d5a80000)
  from space 2560K, 79% used [0x00000000d5d00000,0x00000000d5efa018,0x00000000d5f80000)
  to   space 2560K, 0% used [0x00000000d5a80000,0x00000000d5a80000,0x00000000d5d00000)
 ParOldGen       total 1263104K, used 1262840K [0x0000000080000000, 0x00000000cd180000, 0x00000000d5580000)
  object space 1263104K, 99% used [0x0000000080000000,0x00000000cd13e2e8,0x00000000cd180000)
 Metaspace       used 62316K, committed 63744K, reserved 1114112K
  class space    used 7196K, committed 7744K, reserved 1048576K
}
Event: 28.169 GC heap before
{Heap before GC invocations=1908 (full 3):
 PSYoungGen      total 7680K, used 7144K [0x00000000d5580000, 0x00000000d6080000, 0x0000000100000000)
  eden space 5120K, 100% used [0x00000000d5580000,0x00000000d5a80000,0x00000000d5a80000)
  from space 2560K, 79% used [0x00000000d5d00000,0x00000000d5efa018,0x00000000d5f80000)
  to   space 2560K, 0% used [0x00000000d5a80000,0x00000000d5a80000,0x00000000d5d00000)
 ParOldGen       total 1263104K, used 1262840K [0x0000000080000000, 0x00000000cd180000, 0x00000000d5580000)
  object space 1263104K, 99% used [0x0000000080000000,0x00000000cd13e2e8,0x00000000cd180000)
 Metaspace       used 62316K, committed 63744K, reserved 1114112K
  class space    used 7196K, committed 7744K, reserved 1048576K
}
Event: 28.171 GC heap after
{Heap after GC invocations=1908 (full 3):
 PSYoungGen      total 7168K, used 1714K [0x00000000d5580000, 0x00000000d5e80000, 0x0000000100000000)
  eden space 5120K, 0% used [0x00000000d5580000,0x00000000d5580000,0x00000000d5a80000)
  from space 2048K, 83% used [0x00000000d5a80000,0x00000000d5c2c808,0x00000000d5c80000)
  to   space 2048K, 0% used [0x00000000d5c80000,0x00000000d5c80000,0x00000000d5e80000)
 ParOldGen       total 1264640K, used 1264547K [0x0000000080000000, 0x00000000cd300000, 0x00000000d5580000)
  object space 1264640K, 99% used [0x0000000080000000,0x00000000cd2e8c90,0x00000000cd300000)
 Metaspace       used 62316K, committed 63744K, reserved 1114112K
  class space    used 7196K, committed 7744K, reserved 1048576K
}
Event: 28.197 GC heap before
{Heap before GC invocations=1909 (full 3):
 PSYoungGen      total 7168K, used 6834K [0x00000000d5580000, 0x00000000d5e80000, 0x0000000100000000)
  eden space 5120K, 100% used [0x00000000d5580000,0x00000000d5a80000,0x00000000d5a80000)
  from space 2048K, 83% used [0x00000000d5a80000,0x00000000d5c2c808,0x00000000d5c80000)
  to   space 2048K, 0% used [0x00000000d5c80000,0x00000000d5c80000,0x00000000d5e80000)
 ParOldGen       total 1264640K, used 1264547K [0x0000000080000000, 0x00000000cd300000, 0x00000000d5580000)
  object space 1264640K, 99% used [0x0000000080000000,0x00000000cd2e8c90,0x00000000cd300000)
 Metaspace       used 62316K, committed 63744K, reserved 1114112K
  class space    used 7196K, committed 7744K, reserved 1048576K
}
Event: 28.200 GC heap after
{Heap after GC invocations=1909 (full 3):
 PSYoungGen      total 7168K, used 1600K [0x00000000d5580000, 0x00000000d5e80000, 0x0000000100000000)
  eden space 5120K, 0% used [0x00000000d5580000,0x00000000d5580000,0x00000000d5a80000)
  from space 2048K, 78% used [0x00000000d5c80000,0x00000000d5e10000,0x00000000d5e80000)
  to   space 2048K, 0% used [0x00000000d5a80000,0x00000000d5a80000,0x00000000d5c80000)
 ParOldGen       total 1267200K, used 1266919K [0x0000000080000000, 0x00000000cd580000, 0x00000000d5580000)
  object space 1267200K, 99% used [0x0000000080000000,0x00000000cd539c30,0x00000000cd580000)
 Metaspace       used 62316K, committed 63744K, reserved 1114112K
  class space    used 7196K, committed 7744K, reserved 1048576K
}
Event: 28.213 GC heap before
{Heap before GC invocations=1910 (full 3):
 PSYoungGen      total 7168K, used 6720K [0x00000000d5580000, 0x00000000d5e80000, 0x0000000100000000)
  eden space 5120K, 100% used [0x00000000d5580000,0x00000000d5a80000,0x00000000d5a80000)
  from space 2048K, 78% used [0x00000000d5c80000,0x00000000d5e10000,0x00000000d5e80000)
  to   space 2048K, 0% used [0x00000000d5a80000,0x00000000d5a80000,0x00000000d5c80000)
 ParOldGen       total 1267200K, used 1266919K [0x0000000080000000, 0x00000000cd580000, 0x00000000d5580000)
  object space 1267200K, 99% used [0x0000000080000000,0x00000000cd539c30,0x00000000cd580000)
 Metaspace       used 62316K, committed 63744K, reserved 1114112K
  class space    used 7196K, committed 7744K, reserved 1048576K
}
Event: 28.215 GC heap after
{Heap after GC invocations=1910 (full 3):
 PSYoungGen      total 7168K, used 2036K [0x00000000d5580000, 0x00000000d6380000, 0x0000000100000000)
  eden space 5120K, 0% used [0x00000000d5580000,0x00000000d5580000,0x00000000d5a80000)
  from space 2048K, 99% used [0x00000000d5a80000,0x00000000d5c7d390,0x00000000d5c80000)
  to   space 4608K, 0% used [0x00000000d5f00000,0x00000000d5f00000,0x00000000d6380000)
 ParOldGen       total 1269248K, used 1268951K [0x0000000080000000, 0x00000000cd780000, 0x00000000d5580000)
  object space 1269248K, 99% used [0x0000000080000000,0x00000000cd735c20,0x00000000cd780000)
 Metaspace       used 62316K, committed 63744K, reserved 1114112K
  class space    used 7196K, committed 7744K, reserved 1048576K
}
Event: 28.240 GC heap before
{Heap before GC invocations=1911 (full 3):
 PSYoungGen      total 7168K, used 7156K [0x00000000d5580000, 0x00000000d6380000, 0x0000000100000000)
  eden space 5120K, 100% used [0x00000000d5580000,0x00000000d5a80000,0x00000000d5a80000)
  from space 2048K, 99% used [0x00000000d5a80000,0x00000000d5c7d390,0x00000000d5c80000)
  to   space 4608K, 0% used [0x00000000d5f00000,0x00000000d5f00000,0x00000000d6380000)
 ParOldGen       total 1269248K, used 1268951K [0x0000000080000000, 0x00000000cd780000, 0x00000000d5580000)
  object space 1269248K, 99% used [0x0000000080000000,0x00000000cd735c20,0x00000000cd780000)
 Metaspace       used 62316K, committed 63744K, reserved 1114112K
  class space    used 7196K, committed 7744K, reserved 1048576K
}
Event: 28.241 GC heap after
{Heap after GC invocations=1911 (full 3):
 PSYoungGen      total 6656K, used 1444K [0x00000000d5580000, 0x00000000d6080000, 0x0000000100000000)
  eden space 5120K, 0% used [0x00000000d5580000,0x00000000d5580000,0x00000000d5a80000)
  from space 1536K, 94% used [0x00000000d5f00000,0x00000000d6069008,0x00000000d6080000)
  to   space 2560K, 0% used [0x00000000d5b80000,0x00000000d5b80000,0x00000000d5e00000)
 ParOldGen       total 1270784K, used 1270316K [0x0000000080000000, 0x00000000cd900000, 0x00000000d5580000)
  object space 1270784K, 99% used [0x0000000080000000,0x00000000cd88b230,0x00000000cd900000)
 Metaspace       used 62316K, committed 63744K, reserved 1114112K
  class space    used 7196K, committed 7744K, reserved 1048576K
}
Event: 31.047 GC heap before
{Heap before GC invocations=1912 (full 3):
 PSYoungGen      total 6656K, used 6564K [0x00000000d5580000, 0x00000000d6080000, 0x0000000100000000)
  eden space 5120K, 100% used [0x00000000d5580000,0x00000000d5a80000,0x00000000d5a80000)
  from space 1536K, 94% used [0x00000000d5f00000,0x00000000d6069008,0x00000000d6080000)
  to   space 2560K, 0% used [0x00000000d5b80000,0x00000000d5b80000,0x00000000d5e00000)
 ParOldGen       total 1270784K, used 1270316K [0x0000000080000000, 0x00000000cd900000, 0x00000000d5580000)
  object space 1270784K, 99% used [0x0000000080000000,0x00000000cd88b230,0x00000000cd900000)
 Metaspace       used 62588K, committed 64000K, reserved 1114112K
  class space    used 7221K, committed 7744K, reserved 1048576K
}
Event: 31.049 GC heap after
{Heap after GC invocations=1912 (full 3):
 PSYoungGen      total 7680K, used 1136K [0x00000000d5580000, 0x00000000d5f80000, 0x0000000100000000)
  eden space 5120K, 0% used [0x00000000d5580000,0x00000000d5580000,0x00000000d5a80000)
  from space 2560K, 44% used [0x00000000d5b80000,0x00000000d5c9c010,0x00000000d5e00000)
  to   space 1536K, 0% used [0x00000000d5e00000,0x00000000d5e00000,0x00000000d5f80000)
 ParOldGen       total 1271808K, used 1271710K [0x0000000080000000, 0x00000000cda00000, 0x00000000d5580000)
  object space 1271808K, 99% used [0x0000000080000000,0x00000000cd9e7870,0x00000000cda00000)
 Metaspace       used 62588K, committed 64000K, reserved 1114112K
  class space    used 7221K, committed 7744K, reserved 1048576K
}
Event: 11527.839 GC heap before
{Heap before GC invocations=1913 (full 3):
 PSYoungGen      total 7680K, used 6256K [0x00000000d5580000, 0x00000000d5f80000, 0x0000000100000000)
  eden space 5120K, 100% used [0x00000000d5580000,0x00000000d5a80000,0x00000000d5a80000)
  from space 2560K, 44% used [0x00000000d5b80000,0x00000000d5c9c010,0x00000000d5e00000)
  to   space 1536K, 0% used [0x00000000d5e00000,0x00000000d5e00000,0x00000000d5f80000)
 ParOldGen       total 1271808K, used 1271710K [0x0000000080000000, 0x00000000cda00000, 0x00000000d5580000)
  object space 1271808K, 99% used [0x0000000080000000,0x00000000cd9e7870,0x00000000cda00000)
 Metaspace       used 62963K, committed 64384K, reserved 1114112K
  class space    used 7261K, committed 7808K, reserved 1048576K
}
Event: 11527.846 GC heap after
{Heap after GC invocations=1913 (full 3):
 PSYoungGen      total 5632K, used 480K [0x00000000d5580000, 0x00000000d5e80000, 0x0000000100000000)
  eden space 5120K, 0% used [0x00000000d5580000,0x00000000d5580000,0x00000000d5a80000)
  from space 512K, 93% used [0x00000000d5e00000,0x00000000d5e78020,0x00000000d5e80000)
  to   space 1024K, 0% used [0x00000000d5c80000,0x00000000d5c80000,0x00000000d5d80000)
 ParOldGen       total 1272832K, used 1272432K [0x0000000080000000, 0x00000000cdb00000, 0x00000000d5580000)
  object space 1272832K, 99% used [0x0000000080000000,0x00000000cda9c128,0x00000000cdb00000)
 Metaspace       used 62963K, committed 64384K, reserved 1114112K
  class space    used 7261K, committed 7808K, reserved 1048576K
}
Event: 11593.450 GC heap before
{Heap before GC invocations=1914 (full 3):
 PSYoungGen      total 5632K, used 5600K [0x00000000d5580000, 0x00000000d5e80000, 0x0000000100000000)
  eden space 5120K, 100% used [0x00000000d5580000,0x00000000d5a80000,0x00000000d5a80000)
  from space 512K, 93% used [0x00000000d5e00000,0x00000000d5e78020,0x00000000d5e80000)
  to   space 1024K, 0% used [0x00000000d5c80000,0x00000000d5c80000,0x00000000d5d80000)
 ParOldGen       total 1272832K, used 1272432K [0x0000000080000000, 0x00000000cdb00000, 0x00000000d5580000)
  object space 1272832K, 99% used [0x0000000080000000,0x00000000cda9c128,0x00000000cdb00000)
 Metaspace       used 63017K, committed 64384K, reserved 1114112K
  class space    used 7261K, committed 7808K, reserved 1048576K
}
Event: 11593.453 GC heap after
{Heap after GC invocations=1914 (full 3):
 PSYoungGen      total 6144K, used 384K [0x00000000d5580000, 0x00000000d5e80000, 0x0000000100000000)
  eden space 5120K, 0% used [0x00000000d5580000,0x00000000d5580000,0x00000000d5a80000)
  from space 1024K, 37% used [0x00000000d5c80000,0x00000000d5ce0000,0x00000000d5d80000)
  to   space 512K, 0% used [0x00000000d5e00000,0x00000000d5e00000,0x00000000d5e80000)
 ParOldGen       total 1272832K, used 1272656K [0x0000000080000000, 0x00000000cdb00000, 0x00000000d5580000)
  object space 1272832K, 99% used [0x0000000080000000,0x00000000cdad4128,0x00000000cdb00000)
 Metaspace       used 63017K, committed 64384K, reserved 1114112K
  class space    used 7261K, committed 7808K, reserved 1048576K
}
Event: 12655.524 GC heap before
{Heap before GC invocations=1915 (full 3):
 PSYoungGen      total 6144K, used 5504K [0x00000000d5580000, 0x00000000d5e80000, 0x0000000100000000)
  eden space 5120K, 100% used [0x00000000d5580000,0x00000000d5a80000,0x00000000d5a80000)
  from space 1024K, 37% used [0x00000000d5c80000,0x00000000d5ce0000,0x00000000d5d80000)
  to   space 512K, 0% used [0x00000000d5e00000,0x00000000d5e00000,0x00000000d5e80000)
 ParOldGen       total 1272832K, used 1272656K [0x0000000080000000, 0x00000000cdb00000, 0x00000000d5580000)
  object space 1272832K, 99% used [0x0000000080000000,0x00000000cdad4128,0x00000000cdb00000)
 Metaspace       used 63067K, committed 64448K, reserved 1114112K
  class space    used 7261K, committed 7808K, reserved 1048576K
}
Event: 12655.527 GC heap after
{Heap after GC invocations=1915 (full 3):
 PSYoungGen      total 5632K, used 192K [0x00000000d5580000, 0x00000000d5e80000, 0x0000000100000000)
  eden space 5120K, 0% used [0x00000000d5580000,0x00000000d5580000,0x00000000d5a80000)
  from space 512K, 37% used [0x00000000d5e00000,0x00000000d5e30000,0x00000000d5e80000)
  to   space 512K, 0% used [0x00000000d5d80000,0x00000000d5d80000,0x00000000d5e00000)
 ParOldGen       total 1272832K, used 1272712K [0x0000000080000000, 0x00000000cdb00000, 0x00000000d5580000)
  object space 1272832K, 99% used [0x0000000080000000,0x00000000cdae2128,0x00000000cdb00000)
 Metaspace       used 63067K, committed 64448K, reserved 1114112K
  class space    used 7261K, committed 7808K, reserved 1048576K
}

